0:0:0:0:0:0:0:1 - - [26/Nov/2018:21:59:49 -0500] "GET /h2 HTTP/1.1" 404 295
0:0:0:0:0:0:0:1 - - [26/Nov/2018:21:59:49 -0500] "GET /favicon.ico HTTP/1.1" 200 946
0:0:0:0:0:0:0:1 - - [26/Nov/2018:21:59:55 -0500] "GET /h2-console HTTP/1.1" 404 295
0:0:0:0:0:0:0:1 - - [26/Nov/2018:21:59:57 -0500] "GET /h2-console HTTP/1.1" 404 295
0:0:0:0:0:0:0:1 - - [26/Nov/2018:21:59:58 -0500] "GET /favicon.ico HTTP/1.1" 200 946
0:0:0:0:0:0:0:1 - - [26/Nov/2018:22:01:25 -0500] "GET /h2-console HTTP/1.1" 404 295
0:0:0:0:0:0:0:1 - - [26/Nov/2018:22:02:17 -0500] "GET /h2-console HTTP/1.1" 302 -
0:0:0:0:0:0:0:1 - - [26/Nov/2018:22:02:18 -0500] "GET /h2-console/ HTTP/1.1" 200 937
0:0:0:0:0:0:0:1 - - [26/Nov/2018:22:02:18 -0500] "GET /h2-console/stylesheet.css HTTP/1.1" 200 1215
0:0:0:0:0:0:0:1 - - [26/Nov/2018:22:02:18 -0500] "GET /h2-console/login.jsp?jsessionid=11b432699f511a0f63d90aef269cec12 HTTP/1.1" 200 2517
0:0:0:0:0:0:0:1 - - [26/Nov/2018:22:02:18 -0500] "GET /h2-console/background.gif HTTP/1.1" 200 169
0:0:0:0:0:0:0:1 - - [26/Nov/2018:22:02:18 -0500] "GET /favicon.ico HTTP/1.1" 304 -
0:0:0:0:0:0:0:1 - - [26/Nov/2018:22:02:20 -0500] "POST /h2-console/login.do?jsessionid=11b432699f511a0f63d90aef269cec12 HTTP/1.1" 200 1459
0:0:0:0:0:0:0:1 - - [26/Nov/2018:22:02:20 -0500] "GET /h2-console/header.jsp?jsessionid=11b432699f511a0f63d90aef269cec12 HTTP/1.1" 200 1322
0:0:0:0:0:0:0:1 - - [26/Nov/2018:22:02:20 -0500] "GET /h2-console/help.jsp?jsessionid=11b432699f511a0f63d90aef269cec12 HTTP/1.1" 200 2142
0:0:0:0:0:0:0:1 - - [26/Nov/2018:22:02:20 -0500] "GET /h2-console/query.jsp?jsessionid=11b432699f511a0f63d90aef269cec12 HTTP/1.1" 200 4379
0:0:0:0:0:0:0:1 - - [26/Nov/2018:22:02:20 -0500] "GET /h2-console/icon_line.gif HTTP/1.1" 200 818
0:0:0:0:0:0:0:1 - - [26/Nov/2018:22:02:20 -0500] "GET /h2-console/icon_disconnect.gif HTTP/1.1" 200 114
0:0:0:0:0:0:0:1 - - [26/Nov/2018:22:02:20 -0500] "GET /h2-console/icon_refresh.gif HTTP/1.1" 200 327
0:0:0:0:0:0:0:1 - - [26/Nov/2018:22:02:20 -0500] "GET /h2-console/icon_commit.gif HTTP/1.1" 200 323
0:0:0:0:0:0:0:1 - - [26/Nov/2018:22:02:20 -0500] "GET /h2-console/icon_run_selected.gif HTTP/1.1" 200 312
0:0:0:0:0:0:0:1 - - [26/Nov/2018:22:02:20 -0500] "GET /h2-console/icon_rollback.gif HTTP/1.1" 200 331
0:0:0:0:0:0:0:1 - - [26/Nov/2018:22:02:20 -0500] "GET /h2-console/icon_run.gif HTTP/1.1" 200 379
0:0:0:0:0:0:0:1 - - [26/Nov/2018:22:02:20 -0500] "GET /h2-console/icon_help.gif HTTP/1.1" 200 373
0:0:0:0:0:0:0:1 - - [26/Nov/2018:22:02:20 -0500] "GET /h2-console/icon_history.gif HTTP/1.1" 200 216
0:0:0:0:0:0:0:1 - - [26/Nov/2018:22:02:20 -0500] "GET /h2-console/icon_stop.gif HTTP/1.1" 200 215
0:0:0:0:0:0:0:1 - - [26/Nov/2018:22:02:20 -0500] "GET /h2-console/tables.do?jsessionid=11b432699f511a0f63d90aef269cec12 HTTP/1.1" 200 1068
0:0:0:0:0:0:0:1 - - [26/Nov/2018:22:02:20 -0500] "GET /h2-console/tree.js HTTP/1.1" 200 3184
0:0:0:0:0:0:0:1 - - [26/Nov/2018:22:02:20 -0500] "GET /h2-console/tree_minus.gif HTTP/1.1" 200 861
0:0:0:0:0:0:0:1 - - [26/Nov/2018:22:02:20 -0500] "GET /h2-console/tree_empty.gif HTTP/1.1" 200 62
0:0:0:0:0:0:0:1 - - [26/Nov/2018:22:02:20 -0500] "GET /h2-console/tree_database.gif HTTP/1.1" 200 545
0:0:0:0:0:0:0:1 - - [26/Nov/2018:22:02:20 -0500] "GET /h2-console/tree_plus.gif HTTP/1.1" 200 870
0:0:0:0:0:0:0:1 - - [26/Nov/2018:22:02:20 -0500] "GET /h2-console/tree_folder.gif HTTP/1.1" 200 372
0:0:0:0:0:0:0:1 - - [26/Nov/2018:22:02:20 -0500] "GET /h2-console/tree_table.gif HTTP/1.1" 200 343
0:0:0:0:0:0:0:1 - - [26/Nov/2018:22:02:20 -0500] "GET /h2-console/tree_info.gif HTTP/1.1" 200 267
0:0:0:0:0:0:0:1 - - [26/Nov/2018:22:02:20 -0500] "GET /h2-console/tree_users.gif HTTP/1.1" 200 601
0:0:0:0:0:0:0:1 - - [26/Nov/2018:22:02:20 -0500] "GET /h2-console/tree_type.gif HTTP/1.1" 200 197
0:0:0:0:0:0:0:1 - - [26/Nov/2018:22:02:20 -0500] "GET /h2-console/tree_user.gif HTTP/1.1" 200 500
0:0:0:0:0:0:0:1 - - [26/Nov/2018:22:02:58 -0500] "POST /h2-console/query.do?jsessionid=11b432699f511a0f63d90aef269cec12 HTTP/1.1" 200 645
0:0:0:0:0:0:0:1 - - [26/Nov/2018:22:02:58 -0500] "GET /h2-console/stylesheet.css HTTP/1.1" 304 -
0:0:0:0:0:0:0:1 - - [26/Nov/2018:22:02:58 -0500] "GET /h2-console/table.js HTTP/1.1" 200 8260
0:0:0:0:0:0:0:1 - - [26/Nov/2018:22:03:00 -0500] "POST /h2-console/query.do?jsessionid=11b432699f511a0f63d90aef269cec12 HTTP/1.1" 200 645
0:0:0:0:0:0:0:1 - - [26/Nov/2018:22:03:05 -0500] "GET /h2-console/tables.do?jsessionid=11b432699f511a0f63d90aef269cec12 HTTP/1.1" 200 1068
0:0:0:0:0:0:0:1 - - [26/Nov/2018:22:03:05 -0500] "GET /h2-console/tree.js HTTP/1.1" 304 -
0:0:0:0:0:0:0:1 - - [26/Nov/2018:22:03:05 -0500] "GET /h2-console/tree_database.gif HTTP/1.1" 304 -
0:0:0:0:0:0:0:1 - - [26/Nov/2018:22:03:05 -0500] "GET /h2-console/tree_minus.gif HTTP/1.1" 304 -
0:0:0:0:0:0:0:1 - - [26/Nov/2018:22:03:05 -0500] "GET /h2-console/tree_plus.gif HTTP/1.1" 304 -
0:0:0:0:0:0:0:1 - - [26/Nov/2018:22:03:05 -0500] "GET /h2-console/tree_folder.gif HTTP/1.1" 304 -
0:0:0:0:0:0:0:1 - - [26/Nov/2018:22:03:05 -0500] "GET /h2-console/tree_table.gif HTTP/1.1" 304 -
0:0:0:0:0:0:0:1 - - [26/Nov/2018:22:03:05 -0500] "GET /h2-console/tree_empty.gif HTTP/1.1" 304 -
0:0:0:0:0:0:0:1 - - [26/Nov/2018:22:03:05 -0500] "GET /h2-console/tree_users.gif HTTP/1.1" 304 -
0:0:0:0:0:0:0:1 - - [26/Nov/2018:22:03:05 -0500] "GET /h2-console/tree_type.gif HTTP/1.1" 304 -
0:0:0:0:0:0:0:1 - - [26/Nov/2018:22:03:05 -0500] "GET /h2-console/tree_info.gif HTTP/1.1" 304 -
0:0:0:0:0:0:0:1 - - [26/Nov/2018:22:03:05 -0500] "GET /h2-console/tree_user.gif HTTP/1.1" 304 -
0:0:0:0:0:0:0:1 - - [26/Nov/2018:22:03:06 -0500] "GET /h2-console/tables.do?jsessionid=11b432699f511a0f63d90aef269cec12 HTTP/1.1" 200 1068
0:0:0:0:0:0:0:1 - - [26/Nov/2018:22:03:07 -0500] "GET /h2-console/tables.do?jsessionid=11b432699f511a0f63d90aef269cec12 HTTP/1.1" 200 1068
0:0:0:0:0:0:0:1 - - [26/Nov/2018:22:03:07 -0500] "GET /h2-console/tables.do?jsessionid=11b432699f511a0f63d90aef269cec12 HTTP/1.1" 200 1068
0:0:0:0:0:0:0:1 - - [26/Nov/2018:22:03:07 -0500] "GET /h2-console/tables.do?jsessionid=11b432699f511a0f63d90aef269cec12 HTTP/1.1" 200 1068
0:0:0:0:0:0:0:1 - - [26/Nov/2018:22:03:07 -0500] "GET /h2-console/tables.do?jsessionid=11b432699f511a0f63d90aef269cec12 HTTP/1.1" 200 1068
0:0:0:0:0:0:0:1 - - [26/Nov/2018:22:03:26 -0500] "GET /h2-console/ HTTP/1.1" 200 937
0:0:0:0:0:0:0:1 - - [26/Nov/2018:22:03:26 -0500] "GET /h2-console/stylesheet.css HTTP/1.1" 304 -
0:0:0:0:0:0:0:1 - - [26/Nov/2018:22:03:26 -0500] "GET /h2-console/login.jsp?jsessionid=40729f31b29cf3d1604097e8622ddb74 HTTP/1.1" 200 2518
0:0:0:0:0:0:0:1 - - [26/Nov/2018:22:03:26 -0500] "GET /h2-console/background.gif HTTP/1.1" 304 -
0:0:0:0:0:0:0:1 - - [26/Nov/2018:22:03:32 -0500] "POST /h2-console/login.do?jsessionid=40729f31b29cf3d1604097e8622ddb74 HTTP/1.1" 200 1459
0:0:0:0:0:0:0:1 - - [26/Nov/2018:22:03:32 -0500] "GET /h2-console/header.jsp?jsessionid=40729f31b29cf3d1604097e8622ddb74 HTTP/1.1" 200 1324
0:0:0:0:0:0:0:1 - - [26/Nov/2018:22:03:32 -0500] "GET /h2-console/query.jsp?jsessionid=40729f31b29cf3d1604097e8622ddb74 HTTP/1.1" 200 4379
0:0:0:0:0:0:0:1 - - [26/Nov/2018:22:03:32 -0500] "GET /h2-console/help.jsp?jsessionid=40729f31b29cf3d1604097e8622ddb74 HTTP/1.1" 200 2142
0:0:0:0:0:0:0:1 - - [26/Nov/2018:22:03:32 -0500] "GET /h2-console/icon_rollback.gif HTTP/1.1" 304 -
0:0:0:0:0:0:0:1 - - [26/Nov/2018:22:03:32 -0500] "GET /h2-console/icon_line.gif HTTP/1.1" 304 -
0:0:0:0:0:0:0:1 - - [26/Nov/2018:22:03:32 -0500] "GET /h2-console/icon_disconnect.gif HTTP/1.1" 304 -
0:0:0:0:0:0:0:1 - - [26/Nov/2018:22:03:32 -0500] "GET /h2-console/icon_refresh.gif HTTP/1.1" 304 -
0:0:0:0:0:0:0:1 - - [26/Nov/2018:22:03:32 -0500] "GET /h2-console/icon_commit.gif HTTP/1.1" 304 -
0:0:0:0:0:0:0:1 - - [26/Nov/2018:22:03:32 -0500] "GET /h2-console/icon_run.gif HTTP/1.1" 304 -
0:0:0:0:0:0:0:1 - - [26/Nov/2018:22:03:32 -0500] "GET /h2-console/icon_history.gif HTTP/1.1" 304 -
0:0:0:0:0:0:0:1 - - [26/Nov/2018:22:03:32 -0500] "GET /h2-console/icon_stop.gif HTTP/1.1" 304 -
0:0:0:0:0:0:0:1 - - [26/Nov/2018:22:03:32 -0500] "GET /h2-console/icon_run_selected.gif HTTP/1.1" 304 -
0:0:0:0:0:0:0:1 - - [26/Nov/2018:22:03:32 -0500] "GET /h2-console/icon_help.gif HTTP/1.1" 304 -
0:0:0:0:0:0:0:1 - - [26/Nov/2018:22:03:32 -0500] "GET /h2-console/tables.do?jsessionid=40729f31b29cf3d1604097e8622ddb74 HTTP/1.1" 200 1068
0:0:0:0:0:0:0:1 - - [26/Nov/2018:22:03:32 -0500] "GET /h2-console/tree.js HTTP/1.1" 304 -
0:0:0:0:0:0:0:1 - - [26/Nov/2018:22:03:32 -0500] "GET /h2-console/tree_minus.gif HTTP/1.1" 304 -
0:0:0:0:0:0:0:1 - - [26/Nov/2018:22:03:32 -0500] "GET /h2-console/tree_plus.gif HTTP/1.1" 304 -
0:0:0:0:0:0:0:1 - - [26/Nov/2018:22:03:32 -0500] "GET /h2-console/tree_database.gif HTTP/1.1" 304 -
0:0:0:0:0:0:0:1 - - [26/Nov/2018:22:03:32 -0500] "GET /h2-console/tree_folder.gif HTTP/1.1" 304 -
0:0:0:0:0:0:0:1 - - [26/Nov/2018:22:03:32 -0500] "GET /h2-console/tree_empty.gif HTTP/1.1" 304 -
0:0:0:0:0:0:0:1 - - [26/Nov/2018:22:03:32 -0500] "GET /h2-console/tree_table.gif HTTP/1.1" 304 -
0:0:0:0:0:0:0:1 - - [26/Nov/2018:22:03:32 -0500] "GET /h2-console/tree_user.gif HTTP/1.1" 304 -
0:0:0:0:0:0:0:1 - - [26/Nov/2018:22:03:32 -0500] "GET /h2-console/tree_info.gif HTTP/1.1" 304 -
0:0:0:0:0:0:0:1 - - [26/Nov/2018:22:03:32 -0500] "GET /h2-console/tree_users.gif HTTP/1.1" 304 -
0:0:0:0:0:0:0:1 - - [26/Nov/2018:22:03:32 -0500] "GET /h2-console/tree_type.gif HTTP/1.1" 304 -
0:0:0:0:0:0:0:1 - - [26/Nov/2018:22:12:31 -0500] "GET /employees HTTP/1.1" 200 108
